  [1m[36m (4.1ms)[0m  [1mCREATE TABLE "schema_migrations" ("version" character varying NOT NULL) [0m
  [1m[35m (1.6ms)[0m  CREATE UNIQUE INDEX  "unique_schema_migrations" ON "schema_migrations"  ("version")
  [1m[36mActiveRecord::SchemaMigration Load (0.3ms)[0m  [1mSELECT "schema_migrations".* FROM "schema_migrations"[0m
Migrating to CreatePosts (20151215184502)
  [1m[35m (0.1ms)[0m  BEGIN
  [1m[36m (5.0ms)[0m  [1mCREATE TABLE "posts" ("id" serial primary key, "author" character varying, "comment" text, "created_at" timestamp NOT NULL, "updated_at" timestamp NOT NULL) [0m
  [1m[35mSQL (0.3ms)[0m  INSERT INTO "schema_migrations" ("version") VALUES ($1)  [["version", "20151215184502"]]
  [1m[36m (0.5ms)[0m  [1mCOMMIT[0m
Migrating to CreateUsers (20151215184521)
  [1m[35m (0.3ms)[0m  BEGIN
  [1m[36m (5.1ms)[0m  [1mCREATE TABLE "users" ("id" serial primary key, "first_name" character varying, "last_name" character varying, "email" character varying, "username" character varying, "password_digest" character varying, "created_at" timestamp NOT NULL, "updated_at" timestamp NOT NULL) [0m
  [1m[35mSQL (0.2ms)[0m  INSERT INTO "schema_migrations" ("version") VALUES ($1)  [["version", "20151215184521"]]
  [1m[36m (0.5ms)[0m  [1mCOMMIT[0m
  [1m[35mActiveRecord::SchemaMigration Load (0.2ms)[0m  SELECT "schema_migrations".* FROM "schema_migrations"
  [1m[36m (4.1ms)[0m  [1mSELECT t2.oid::regclass::text AS to_table, a1.attname AS column, a2.attname AS primary_key, c.conname AS name, c.confupdtype AS on_update, c.confdeltype AS on_delete
FROM pg_constraint c
JOIN pg_class t1 ON c.conrelid = t1.oid
JOIN pg_class t2 ON c.confrelid = t2.oid
JOIN pg_attribute a1 ON a1.attnum = c.conkey[1] AND a1.attrelid = t1.oid
JOIN pg_attribute a2 ON a2.attnum = c.confkey[1] AND a2.attrelid = t2.oid
JOIN pg_namespace t3 ON c.connamespace = t3.oid
WHERE c.contype = 'f'
  AND t1.relname = 'posts'
  AND t3.nspname = ANY (current_schemas(false))
ORDER BY c.conname
[0m
  [1m[35m (3.4ms)[0m  SELECT t2.oid::regclass::text AS to_table, a1.attname AS column, a2.attname AS primary_key, c.conname AS name, c.confupdtype AS on_update, c.confdeltype AS on_delete
FROM pg_constraint c
JOIN pg_class t1 ON c.conrelid = t1.oid
JOIN pg_class t2 ON c.confrelid = t2.oid
JOIN pg_attribute a1 ON a1.attnum = c.conkey[1] AND a1.attrelid = t1.oid
JOIN pg_attribute a2 ON a2.attnum = c.confkey[1] AND a2.attrelid = t2.oid
JOIN pg_namespace t3 ON c.connamespace = t3.oid
WHERE c.contype = 'f'
  AND t1.relname = 'users'
  AND t3.nspname = ANY (current_schemas(false))
ORDER BY c.conname



Started GET "/" for ::1 at 2015-12-15 14:00:12 -0500
  [1m[36mActiveRecord::SchemaMigration Load (0.5ms)[0m  [1mSELECT "schema_migrations".* FROM "schema_migrations"[0m
Processing by PostsController#index as HTML
Redirected to http://localhost:8080/login
Filter chain halted as :require_user rendered or redirected
Completed 302 Found in 11ms (ActiveRecord: 0.0ms)


Started GET "/" for ::1 at 2015-12-15 14:00:13 -0500
Processing by PostsController#index as HTML
Redirected to http://localhost:8080/login
Filter chain halted as :require_user rendered or redirected
Completed 302 Found in 1ms (ActiveRecord: 0.0ms)


Started GET "/login" for ::1 at 2015-12-15 14:00:13 -0500
Processing by SessionsController#new as HTML
  Rendered sessions/new.html.erb within layouts/application (131.3ms)
Completed 200 OK in 1594ms (Views: 1593.4ms | ActiveRecord: 0.0ms)


Started GET "/assets/sessions.self-1c4f1309b214393bd56ef3ea798bbc40c66ffee4362141a3732e2a56bb3ec778.css?body=1" for ::1 at 2015-12-15 14:00:14 -0500


Started GET "/assets/users.self-3e7a19f255361113cf543c2ff100ba32bd6a2116dd0071c2ffafec14841f1221.css?body=1" for ::1 at 2015-12-15 14:00:14 -0500


Started GET "/assets/posts.self-8c9de289cf737f7bb148190b6b0c30e97f3bb83b2de65b30498b5beec1ad53ac.css?body=1" for ::1 at 2015-12-15 14:00:14 -0500


Started GET "/assets/jquery.self-a714331225dda820228db323939889f149aec0127aeb06255646b616ba1ca419.js?body=1" for ::1 at 2015-12-15 14:00:14 -0500


Started GET "/assets/application.self-61c8650ad48705dd94987eec2c0cb56500a9c5ad7f58d86cf5cba78e6d363aa0.css?body=1" for ::1 at 2015-12-15 14:00:14 -0500


Started GET "/assets/jquery_ujs.self-d456baa54c1fa6be2ec3711f0a72ddf7a5b2f34a6b4f515f33767d6207b7d4b3.js?body=1" for ::1 at 2015-12-15 14:00:14 -0500


Started GET "/assets/turbolinks.self-c37727e9bd6b2735da5c311aa83fead54ed0be6cc8bd9a65309e9c5abe2cbfff.js?body=1" for ::1 at 2015-12-15 14:00:14 -0500


Started GET "/assets/posts.self-877aef30ae1b040ab8a3aba4e3e309a11d7f2612f44dde450b5c157aa5f95c05.js?body=1" for ::1 at 2015-12-15 14:00:14 -0500


Started GET "/assets/sessions.self-877aef30ae1b040ab8a3aba4e3e309a11d7f2612f44dde450b5c157aa5f95c05.js?body=1" for ::1 at 2015-12-15 14:00:15 -0500


Started GET "/assets/users.self-877aef30ae1b040ab8a3aba4e3e309a11d7f2612f44dde450b5c157aa5f95c05.js?body=1" for ::1 at 2015-12-15 14:00:15 -0500


Started GET "/assets/application.self-3b8dabdc891efe46b9a144b400ad69e37d7e5876bdc39dee783419a69d7ca819.js?body=1" for ::1 at 2015-12-15 14:00:15 -0500


Started GET "/assets/bee-59c1c423ab7578cffb325cf4c2480a8d4437b60048f94a2941b0a6fd5091ccee.png" for ::1 at 2015-12-15 14:00:15 -0500


Started GET "/users/new" for ::1 at 2015-12-15 14:00:18 -0500
Processing by UsersController#new as HTML
Completed 500 Internal Server Error in 4ms (ActiveRecord: 0.0ms)

LoadError (cannot load such file -- bcrypt):
  app/models/user.rb:3:in `<class:User>'
  app/models/user.rb:1:in `<top (required)>'
  app/controllers/users_controller.rb:4:in `new'


  Rendered /Users/russellganzi/.rvm/gems/ruby-2.2.1/gems/actionpack-4.2.5/lib/action_dispatch/middleware/templates/rescues/_source.erb (6.3ms)
  Rendered /Users/russellganzi/.rvm/gems/ruby-2.2.1/gems/actionpack-4.2.5/lib/action_dispatch/middleware/templates/rescues/_trace.html.erb (2.6ms)
  Rendered /Users/russellganzi/.rvm/gems/ruby-2.2.1/gems/actionpack-4.2.5/lib/action_dispatch/middleware/templates/rescues/_request_and_response.html.erb (2.0ms)
  Rendered /Users/russellganzi/.rvm/gems/ruby-2.2.1/gems/actionpack-4.2.5/lib/action_dispatch/middleware/templates/rescues/diagnostics.html.erb within rescues/layout (62.8ms)
  Rendered /Users/russellganzi/.rvm/gems/ruby-2.2.1/gems/web-console-2.2.1/lib/web_console/templates/_markup.html.erb (0.4ms)
  Rendered /Users/russellganzi/.rvm/gems/ruby-2.2.1/gems/web-console-2.2.1/lib/web_console/templates/_inner_console_markup.html.erb within layouts/inlined_string (0.3ms)
  Rendered /Users/russellganzi/.rvm/gems/ruby-2.2.1/gems/web-console-2.2.1/lib/web_console/templates/_prompt_box_markup.html.erb within layouts/inlined_string (0.2ms)
  Rendered /Users/russellganzi/.rvm/gems/ruby-2.2.1/gems/web-console-2.2.1/lib/web_console/templates/style.css.erb within layouts/inlined_string (0.3ms)
  Rendered /Users/russellganzi/.rvm/gems/ruby-2.2.1/gems/web-console-2.2.1/lib/web_console/templates/console.js.erb within layouts/javascript (47.2ms)
  Rendered /Users/russellganzi/.rvm/gems/ruby-2.2.1/gems/web-console-2.2.1/lib/web_console/templates/main.js.erb within layouts/javascript (0.3ms)
  Rendered /Users/russellganzi/.rvm/gems/ruby-2.2.1/gems/web-console-2.2.1/lib/web_console/templates/error_page.js.erb within layouts/javascript (0.4ms)
  Rendered /Users/russellganzi/.rvm/gems/ruby-2.2.1/gems/web-console-2.2.1/lib/web_console/templates/index.html.erb (112.6ms)


Started GET "/users/new" for ::1 at 2015-12-15 14:00:19 -0500
Processing by UsersController#new as HTML
Completed 500 Internal Server Error in 4ms (ActiveRecord: 0.0ms)

LoadError (cannot load such file -- bcrypt):
  app/models/user.rb:3:in `<class:User>'
  app/models/user.rb:1:in `<top (required)>'
  app/controllers/users_controller.rb:4:in `new'


  Rendered /Users/russellganzi/.rvm/gems/ruby-2.2.1/gems/actionpack-4.2.5/lib/action_dispatch/middleware/templates/rescues/_source.erb (12.2ms)
  Rendered /Users/russellganzi/.rvm/gems/ruby-2.2.1/gems/actionpack-4.2.5/lib/action_dispatch/middleware/templates/rescues/_trace.html.erb (2.4ms)
  Rendered /Users/russellganzi/.rvm/gems/ruby-2.2.1/gems/actionpack-4.2.5/lib/action_dispatch/middleware/templates/rescues/_request_and_response.html.erb (1.0ms)
  Rendered /Users/russellganzi/.rvm/gems/ruby-2.2.1/gems/actionpack-4.2.5/lib/action_dispatch/middleware/templates/rescues/diagnostics.html.erb within rescues/layout (66.7ms)
  Rendered /Users/russellganzi/.rvm/gems/ruby-2.2.1/gems/web-console-2.2.1/lib/web_console/templates/_markup.html.erb (0.3ms)
  Rendered /Users/russellganzi/.rvm/gems/ruby-2.2.1/gems/web-console-2.2.1/lib/web_console/templates/_inner_console_markup.html.erb within layouts/inlined_string (0.3ms)
  Rendered /Users/russellganzi/.rvm/gems/ruby-2.2.1/gems/web-console-2.2.1/lib/web_console/templates/_prompt_box_markup.html.erb within layouts/inlined_string (0.2ms)
  Rendered /Users/russellganzi/.rvm/gems/ruby-2.2.1/gems/web-console-2.2.1/lib/web_console/templates/style.css.erb within layouts/inlined_string (0.4ms)
  Rendered /Users/russellganzi/.rvm/gems/ruby-2.2.1/gems/web-console-2.2.1/lib/web_console/templates/console.js.erb within layouts/javascript (48.8ms)
  Rendered /Users/russellganzi/.rvm/gems/ruby-2.2.1/gems/web-console-2.2.1/lib/web_console/templates/main.js.erb within layouts/javascript (0.3ms)
  Rendered /Users/russellganzi/.rvm/gems/ruby-2.2.1/gems/web-console-2.2.1/lib/web_console/templates/error_page.js.erb within layouts/javascript (0.4ms)
  Rendered /Users/russellganzi/.rvm/gems/ruby-2.2.1/gems/web-console-2.2.1/lib/web_console/templates/index.html.erb (110.8ms)


Started GET "/" for ::1 at 2015-12-15 14:01:23 -0500
  [1m[36mActiveRecord::SchemaMigration Load (0.4ms)[0m  [1mSELECT "schema_migrations".* FROM "schema_migrations"[0m
Processing by PostsController#index as HTML
Redirected to http://localhost:8080/login
Filter chain halted as :require_user rendered or redirected
Completed 302 Found in 10ms (ActiveRecord: 0.0ms)


Started GET "/login" for ::1 at 2015-12-15 14:01:24 -0500
Processing by SessionsController#new as HTML
  Rendered sessions/new.html.erb within layouts/application (123.7ms)
Completed 200 OK in 193ms (Views: 192.5ms | ActiveRecord: 0.0ms)


Started GET "/users/new" for ::1 at 2015-12-15 14:01:27 -0500
Processing by UsersController#new as HTML
  Rendered users/new.html.erb within layouts/application (5.6ms)
Completed 200 OK in 69ms (Views: 51.7ms | ActiveRecord: 3.8ms)


Started POST "/users" for ::1 at 2015-12-15 14:01:30 -0500
Processing by UsersController#create as HTML
  Parameters: {"utf8"=>"✓", "authenticity_token"=>"paGdXxoTf1n0A1kZzO5JEXSGvyRzp7uc/NAhvLq4k/7uJV/ruNZdZF9RdQT9azJ4qphUVtabCMYfNxZZv0rO2A==", "user"=>{"first_name"=>"", "last_name"=>"", "email"=>"", "username"=>"", "password"=>"[FILTERED]"}, "commit"=>"Create"}
  [1m[35m (0.1ms)[0m  BEGIN
  [1m[36m (0.2ms)[0m  [1mROLLBACK[0m
Redirected to http://localhost:8080/signup
Completed 302 Found in 9ms (ActiveRecord: 0.3ms)


Started GET "/signup" for ::1 at 2015-12-15 14:01:30 -0500
Processing by UsersController#new as HTML
  Rendered users/new.html.erb within layouts/application (3.0ms)
Completed 200 OK in 46ms (Views: 45.7ms | ActiveRecord: 0.0ms)


Started GET "/signup" for ::1 at 2015-12-15 14:02:02 -0500
Processing by UsersController#new as HTML
  Rendered users/new.html.erb within layouts/application (3.7ms)
Completed 200 OK in 48ms (Views: 47.4ms | ActiveRecord: 0.0ms)


Started GET "/assets/jquery.self-a714331225dda820228db323939889f149aec0127aeb06255646b616ba1ca419.js?body=1" for ::1 at 2015-12-15 14:02:02 -0500


Started GET "/assets/posts.self-8c9de289cf737f7bb148190b6b0c30e97f3bb83b2de65b30498b5beec1ad53ac.css?body=1" for ::1 at 2015-12-15 14:02:02 -0500


Started GET "/assets/application.self-61c8650ad48705dd94987eec2c0cb56500a9c5ad7f58d86cf5cba78e6d363aa0.css?body=1" for ::1 at 2015-12-15 14:02:02 -0500


Started GET "/assets/sessions.self-1c4f1309b214393bd56ef3ea798bbc40c66ffee4362141a3732e2a56bb3ec778.css?body=1" for ::1 at 2015-12-15 14:02:02 -0500


Started GET "/assets/jquery_ujs.self-d456baa54c1fa6be2ec3711f0a72ddf7a5b2f34a6b4f515f33767d6207b7d4b3.js?body=1" for ::1 at 2015-12-15 14:02:02 -0500


Started GET "/assets/users.self-3e7a19f255361113cf543c2ff100ba32bd6a2116dd0071c2ffafec14841f1221.css?body=1" for ::1 at 2015-12-15 14:02:02 -0500


Started GET "/assets/turbolinks.self-c37727e9bd6b2735da5c311aa83fead54ed0be6cc8bd9a65309e9c5abe2cbfff.js?body=1" for ::1 at 2015-12-15 14:02:02 -0500


Started GET "/assets/posts.self-877aef30ae1b040ab8a3aba4e3e309a11d7f2612f44dde450b5c157aa5f95c05.js?body=1" for ::1 at 2015-12-15 14:02:02 -0500


Started GET "/assets/sessions.self-877aef30ae1b040ab8a3aba4e3e309a11d7f2612f44dde450b5c157aa5f95c05.js?body=1" for ::1 at 2015-12-15 14:02:02 -0500


Started GET "/assets/users.self-877aef30ae1b040ab8a3aba4e3e309a11d7f2612f44dde450b5c157aa5f95c05.js?body=1" for ::1 at 2015-12-15 14:02:02 -0500


Started GET "/assets/application.self-3b8dabdc891efe46b9a144b400ad69e37d7e5876bdc39dee783419a69d7ca819.js?body=1" for ::1 at 2015-12-15 14:02:02 -0500


Started GET "/assets/bee-59c1c423ab7578cffb325cf4c2480a8d4437b60048f94a2941b0a6fd5091ccee.png" for ::1 at 2015-12-15 14:02:02 -0500


Started GET "/signup" for ::1 at 2015-12-15 14:02:18 -0500
Processing by UsersController#new as HTML
  Rendered users/new.html.erb within layouts/application (4.0ms)
Completed 200 OK in 59ms (Views: 57.9ms | ActiveRecord: 0.0ms)


Started GET "/assets/posts.self-8c9de289cf737f7bb148190b6b0c30e97f3bb83b2de65b30498b5beec1ad53ac.css?body=1" for ::1 at 2015-12-15 14:02:18 -0500


Started GET "/assets/jquery.self-a714331225dda820228db323939889f149aec0127aeb06255646b616ba1ca419.js?body=1" for ::1 at 2015-12-15 14:02:18 -0500


Started GET "/assets/application.self-61c8650ad48705dd94987eec2c0cb56500a9c5ad7f58d86cf5cba78e6d363aa0.css?body=1" for ::1 at 2015-12-15 14:02:18 -0500


Started GET "/assets/users.self-3e7a19f255361113cf543c2ff100ba32bd6a2116dd0071c2ffafec14841f1221.css?body=1" for ::1 at 2015-12-15 14:02:18 -0500


Started GET "/assets/sessions.self-1c4f1309b214393bd56ef3ea798bbc40c66ffee4362141a3732e2a56bb3ec778.css?body=1" for ::1 at 2015-12-15 14:02:18 -0500


Started GET "/assets/jquery_ujs.self-d456baa54c1fa6be2ec3711f0a72ddf7a5b2f34a6b4f515f33767d6207b7d4b3.js?body=1" for ::1 at 2015-12-15 14:02:18 -0500


Started GET "/assets/turbolinks.self-c37727e9bd6b2735da5c311aa83fead54ed0be6cc8bd9a65309e9c5abe2cbfff.js?body=1" for ::1 at 2015-12-15 14:02:18 -0500


Started GET "/assets/posts.self-877aef30ae1b040ab8a3aba4e3e309a11d7f2612f44dde450b5c157aa5f95c05.js?body=1" for ::1 at 2015-12-15 14:02:18 -0500


Started GET "/assets/sessions.self-877aef30ae1b040ab8a3aba4e3e309a11d7f2612f44dde450b5c157aa5f95c05.js?body=1" for ::1 at 2015-12-15 14:02:18 -0500


Started GET "/assets/users.self-877aef30ae1b040ab8a3aba4e3e309a11d7f2612f44dde450b5c157aa5f95c05.js?body=1" for ::1 at 2015-12-15 14:02:18 -0500


Started GET "/assets/application.self-3b8dabdc891efe46b9a144b400ad69e37d7e5876bdc39dee783419a69d7ca819.js?body=1" for ::1 at 2015-12-15 14:02:18 -0500


Started GET "/assets/bee-59c1c423ab7578cffb325cf4c2480a8d4437b60048f94a2941b0a6fd5091ccee.png" for ::1 at 2015-12-15 14:02:18 -0500


Started GET "/login" for ::1 at 2015-12-15 14:16:17 -0500
Processing by SessionsController#new as HTML
  Rendered sessions/new.html.erb within layouts/application (3.4ms)
Completed 200 OK in 51ms (Views: 50.2ms | ActiveRecord: 0.0ms)


Started POST "/login" for ::1 at 2015-12-15 14:16:25 -0500
Processing by SessionsController#create as HTML
  Parameters: {"utf8"=>"✓", "authenticity_token"=>"VoDOk2e/vauw4ObaQahUU7ytZ9cQ7Fxm7eY5/CAQjh8dBAwnxXqflhuyysdwLS86YrOMpbXQ7zwOAQ4ZJeLTOQ==", "session"=>{"username"=>"rg", "password"=>"[FILTERED]"}, "commit"=>"Log in"}
  [1m[35mUser Load (0.5ms)[0m  SELECT  "users".* FROM "users" WHERE "users"."username" = $1 LIMIT 1  [["username", "rg"]]
Redirected to http://localhost:8080/signup
Completed 302 Found in 13ms (ActiveRecord: 0.8ms)


Started GET "/signup" for ::1 at 2015-12-15 14:16:25 -0500
Processing by UsersController#new as HTML
  Rendered users/new.html.erb within layouts/application (3.1ms)
Completed 200 OK in 59ms (Views: 58.8ms | ActiveRecord: 0.0ms)


Started GET "/login" for ::1 at 2015-12-15 14:16:34 -0500
Processing by SessionsController#new as HTML
  Rendered sessions/new.html.erb within layouts/application (2.5ms)
Completed 200 OK in 44ms (Views: 43.8ms | ActiveRecord: 0.0ms)


Started GET "/users/new" for ::1 at 2015-12-15 14:26:41 -0500
  [1m[36mActiveRecord::SchemaMigration Load (0.4ms)[0m  [1mSELECT "schema_migrations".* FROM "schema_migrations"[0m
Processing by UsersController#new as HTML
  Rendered users/new.html.erb within layouts/application (117.4ms)
Completed 200 OK in 222ms (Views: 193.6ms | ActiveRecord: 5.7ms)


Started GET "/" for ::1 at 2015-12-15 14:26:47 -0500
Processing by PostsController#index as HTML
Redirected to http://localhost:8080/login
Filter chain halted as :require_user rendered or redirected
Completed 302 Found in 1ms (ActiveRecord: 0.0ms)


Started GET "/login" for ::1 at 2015-12-15 14:26:47 -0500
Processing by SessionsController#new as HTML
  Rendered sessions/new.html.erb within layouts/application (2.6ms)
Completed 200 OK in 45ms (Views: 44.5ms | ActiveRecord: 0.0ms)


Started GET "/users/new" for ::1 at 2015-12-15 14:26:50 -0500
Processing by UsersController#new as HTML
  Rendered users/new.html.erb within layouts/application (3.4ms)
Completed 200 OK in 44ms (Views: 43.3ms | ActiveRecord: 0.0ms)


Started GET "/users/new" for ::1 at 2015-12-15 14:54:25 -0500
  [1m[36mActiveRecord::SchemaMigration Load (0.6ms)[0m  [1mSELECT "schema_migrations".* FROM "schema_migrations"[0m
Processing by UsersController#new as HTML
  Rendered users/new.html.erb within layouts/application (129.7ms)
Completed 200 OK in 234ms (Views: 208.9ms | ActiveRecord: 5.8ms)


Started GET "/assets/posts.self-8c9de289cf737f7bb148190b6b0c30e97f3bb83b2de65b30498b5beec1ad53ac.css?body=1" for ::1 at 2015-12-15 14:54:25 -0500


Started GET "/assets/jquery.self-a714331225dda820228db323939889f149aec0127aeb06255646b616ba1ca419.js?body=1" for ::1 at 2015-12-15 14:54:25 -0500


Started GET "/assets/users.self-3e7a19f255361113cf543c2ff100ba32bd6a2116dd0071c2ffafec14841f1221.css?body=1" for ::1 at 2015-12-15 14:54:25 -0500


Started GET "/assets/application.self-61c8650ad48705dd94987eec2c0cb56500a9c5ad7f58d86cf5cba78e6d363aa0.css?body=1" for ::1 at 2015-12-15 14:54:25 -0500


Started GET "/assets/jquery_ujs.self-d456baa54c1fa6be2ec3711f0a72ddf7a5b2f34a6b4f515f33767d6207b7d4b3.js?body=1" for ::1 at 2015-12-15 14:54:25 -0500


Started GET "/assets/sessions.self-1c4f1309b214393bd56ef3ea798bbc40c66ffee4362141a3732e2a56bb3ec778.css?body=1" for ::1 at 2015-12-15 14:54:25 -0500


Started GET "/assets/turbolinks.self-c37727e9bd6b2735da5c311aa83fead54ed0be6cc8bd9a65309e9c5abe2cbfff.js?body=1" for ::1 at 2015-12-15 14:54:25 -0500


Started GET "/assets/posts.self-877aef30ae1b040ab8a3aba4e3e309a11d7f2612f44dde450b5c157aa5f95c05.js?body=1" for ::1 at 2015-12-15 14:54:25 -0500


Started GET "/assets/sessions.self-877aef30ae1b040ab8a3aba4e3e309a11d7f2612f44dde450b5c157aa5f95c05.js?body=1" for ::1 at 2015-12-15 14:54:25 -0500


Started GET "/assets/users.self-877aef30ae1b040ab8a3aba4e3e309a11d7f2612f44dde450b5c157aa5f95c05.js?body=1" for ::1 at 2015-12-15 14:54:25 -0500


Started GET "/assets/application.self-3b8dabdc891efe46b9a144b400ad69e37d7e5876bdc39dee783419a69d7ca819.js?body=1" for ::1 at 2015-12-15 14:54:25 -0500


Started GET "/assets/bee-59c1c423ab7578cffb325cf4c2480a8d4437b60048f94a2941b0a6fd5091ccee.png" for ::1 at 2015-12-15 14:54:25 -0500


Started GET "/" for ::1 at 2015-12-15 14:54:30 -0500
Processing by PostsController#index as HTML
Redirected to http://localhost:8080/login
Filter chain halted as :require_user rendered or redirected
Completed 302 Found in 1ms (ActiveRecord: 0.0ms)


Started GET "/login" for ::1 at 2015-12-15 14:54:30 -0500
Processing by SessionsController#new as HTML
  Rendered sessions/new.html.erb within layouts/application (2.6ms)
Completed 200 OK in 43ms (Views: 42.5ms | ActiveRecord: 0.0ms)


Started GET "/users/new" for ::1 at 2015-12-15 14:54:32 -0500
Processing by UsersController#new as HTML
  Rendered users/new.html.erb within layouts/application (3.2ms)
Completed 200 OK in 46ms (Views: 45.8ms | ActiveRecord: 0.0ms)


Started POST "/users" for ::1 at 2015-12-15 14:54:34 -0500
Processing by UsersController#create as HTML
  Parameters: {"utf8"=>"✓", "authenticity_token"=>"KJ0hZcKjnerWsKWCqkgxCuZTAQrNS9h7PWwrvRYJTGNjGePRYGa/133iiZ+bzUpjOE3qeGh3ayHeixxYE/sRRQ==", "user"=>{"first_name"=>"", "email"=>"", "username"=>"", "password"=>"[FILTERED]"}, "commit"=>"Create"}
  [1m[35m (0.1ms)[0m  BEGIN
  [1m[36m (0.1ms)[0m  [1mROLLBACK[0m
Redirected to http://localhost:8080/signup
Completed 302 Found in 7ms (ActiveRecord: 0.2ms)


Started GET "/signup" for ::1 at 2015-12-15 14:54:34 -0500
Processing by UsersController#new as HTML
  Rendered users/new.html.erb within layouts/application (2.4ms)
Completed 200 OK in 69ms (Views: 68.2ms | ActiveRecord: 0.0ms)


Started POST "/users" for ::1 at 2015-12-15 14:54:35 -0500
Processing by UsersController#create as HTML
  Parameters: {"utf8"=>"✓", "authenticity_token"=>"GitQjTpdVTbi2puq2W4S28l5RfxQd/h9jJxonchk6bhRr5I5mJh3C0mIt7fo62myF2eujvVLSydve194zZa0ng==", "user"=>{"first_name"=>"", "email"=>"", "username"=>"", "password"=>"[FILTERED]"}, "commit"=>"Create"}
  [1m[35m (0.1ms)[0m  BEGIN
  [1m[36m (0.1ms)[0m  [1mROLLBACK[0m
Redirected to http://localhost:8080/signup
Completed 302 Found in 3ms (ActiveRecord: 0.2ms)


Started GET "/signup" for ::1 at 2015-12-15 14:54:35 -0500
Processing by UsersController#new as HTML
  Rendered users/new.html.erb within layouts/application (2.5ms)
Completed 200 OK in 55ms (Views: 54.7ms | ActiveRecord: 0.0ms)


Started POST "/users" for ::1 at 2015-12-15 14:54:58 -0500
Processing by UsersController#create as HTML
  Parameters: {"utf8"=>"✓", "authenticity_token"=>"9P3LuLsftmBCcaMh+5XfeM7DpYsREnYduB3s5Rob52i/eQkMGdqUXekjjzzKEKQREN1O+bQuxUdb+tsAH+m6Tg==", "user"=>{"first_name"=>"Russell", "email"=>"rgg.asdf@gmail.com", "username"=>"rgg", "password"=>"[FILTERED]"}, "commit"=>"Create"}
  [1m[35m (0.2ms)[0m  BEGIN
  [1m[36mSQL (0.8ms)[0m  [1mINSERT INTO "users" ("first_name", "email", "username", "password_digest", "created_at", "updated_at") VALUES ($1, $2, $3, $4, $5, $6) RETURNING "id"[0m  [["first_name", "Russell"], ["email", "rgg.asdf@gmail.com"], ["username", "rgg"], ["password_digest", "$2a$10$JATf6JAjCzYSoy13ULj57.STE3s7ELuPmCqrdIBJC9NaBLNIaMoH."], ["created_at", "2015-12-15 19:54:58.135354"], ["updated_at", "2015-12-15 19:54:58.135354"]]
  [1m[35m (0.4ms)[0m  COMMIT
Redirected to http://localhost:8080/
Completed 302 Found in 85ms (ActiveRecord: 1.6ms)


Started GET "/" for ::1 at 2015-12-15 14:54:58 -0500
Processing by PostsController#index as HTML
  [1m[36mUser Load (0.5ms)[0m  [1mSELECT  "users".* FROM "users" WHERE "users"."id" = $1 LIMIT 1[0m  [["id", 1]]
  [1m[35mPost Load (1.8ms)[0m  SELECT "posts".* FROM "posts"  ORDER BY "posts"."created_at" DESC
  Rendered posts/index.html.erb within layouts/application (8.1ms)
Completed 200 OK in 91ms (Views: 70.4ms | ActiveRecord: 4.2ms)


Started POST "/posts" for ::1 at 2015-12-15 14:55:19 -0500
Processing by PostsController#create as HTML
  Parameters: {"utf8"=>"✓", "authenticity_token"=>"vQi5zS8PZpd1Rh9h3yc++BAfrL79iANeyq3zcmnDjR/2jHt5jcpEqt4UM3zuokWRzgFHzFi0sAQpSsSXbDHQOQ==", "post"=>{"comment"=>"Kon'nichiwa, bitches!"}, "commit"=>"Create Post"}
  [1m[36mUser Load (0.4ms)[0m  [1mSELECT  "users".* FROM "users" WHERE "users"."id" = $1 LIMIT 1[0m  [["id", 1]]
  [1m[35m (0.1ms)[0m  BEGIN
  [1m[36mSQL (0.6ms)[0m  [1mINSERT INTO "posts" ("comment", "author", "created_at", "updated_at") VALUES ($1, $2, $3, $4) RETURNING "id"[0m  [["comment", "Kon'nichiwa, bitches!"], ["author", "rgg"], ["created_at", "2015-12-15 19:55:19.020494"], ["updated_at", "2015-12-15 19:55:19.020494"]]
  [1m[35m (1.6ms)[0m  COMMIT
Redirected to http://localhost:8080#root_path
Completed 302 Found in 7ms (ActiveRecord: 2.7ms)


Started GET "/" for ::1 at 2015-12-15 14:55:19 -0500
Processing by PostsController#index as HTML
  [1m[36mUser Load (0.3ms)[0m  [1mSELECT  "users".* FROM "users" WHERE "users"."id" = $1 LIMIT 1[0m  [["id", 1]]
  [1m[35mPost Load (0.3ms)[0m  SELECT "posts".* FROM "posts"  ORDER BY "posts"."created_at" DESC
  Rendered posts/index.html.erb within layouts/application (2.3ms)
Completed 200 OK in 56ms (Views: 54.2ms | ActiveRecord: 0.6ms)


Started DELETE "/logout" for ::1 at 2015-12-15 15:01:11 -0500
Processing by SessionsController#destroy as HTML
  Parameters: {"authenticity_token"=>"My1s4pFX0/IFznV5RndSNBoQl2hyTsOTB2GxkfgISuF4qa5WM5Lxz66cWWR38ildxA58GtdycMnkhoZ0/foXxw=="}
Redirected to http://localhost:8080/
Completed 302 Found in 1ms (ActiveRecord: 0.0ms)


Started GET "/" for ::1 at 2015-12-15 15:01:11 -0500
Processing by PostsController#index as HTML
Redirected to http://localhost:8080/login
Filter chain halted as :require_user rendered or redirected
Completed 302 Found in 1ms (ActiveRecord: 0.0ms)


Started GET "/login" for ::1 at 2015-12-15 15:01:11 -0500
Processing by SessionsController#new as HTML
  Rendered sessions/new.html.erb within layouts/application (3.3ms)
Completed 200 OK in 46ms (Views: 45.8ms | ActiveRecord: 0.0ms)


Started POST "/login" for ::1 at 2015-12-15 15:01:18 -0500
Processing by SessionsController#create as HTML
  Parameters: {"utf8"=>"✓", "authenticity_token"=>"Fz1x1KPzWFTzPeinrLVHsi4Y1OyfUPyDZcVakWm8QRBcubNgATZ6aVhvxLqdMDzb8AY/njpsT9mGIm10bE4cNg==", "session"=>{"username"=>"rgg", "password"=>"[FILTERED]"}, "commit"=>"Log in"}
  [1m[36mUser Load (0.3ms)[0m  [1mSELECT  "users".* FROM "users" WHERE "users"."username" = $1 LIMIT 1[0m  [["username", "rgg"]]
Redirected to http://localhost:8080/
Completed 302 Found in 74ms (ActiveRecord: 0.3ms)


Started GET "/" for ::1 at 2015-12-15 15:01:18 -0500
Processing by PostsController#index as HTML
  [1m[35mUser Load (0.4ms)[0m  SELECT  "users".* FROM "users" WHERE "users"."id" = $1 LIMIT 1  [["id", 1]]
  [1m[36mPost Load (0.3ms)[0m  [1mSELECT "posts".* FROM "posts"  ORDER BY "posts"."created_at" DESC[0m
  Rendered posts/index.html.erb within layouts/application (1.8ms)
Completed 200 OK in 38ms (Views: 36.7ms | ActiveRecord: 0.7ms)


Started DELETE "/logout" for ::1 at 2015-12-15 15:02:49 -0500
Processing by SessionsController#destroy as HTML
  Parameters: {"authenticity_token"=>"39z3g1pf1/focoHgEG1UiQ/jN6A8xsPBpc2Gz+pd46OUWDU3+Jr1ykMgrf0h6C/g0f3c0pn6cJtGKrEq76++hQ=="}
Redirected to http://localhost:8080/
Completed 302 Found in 1ms (ActiveRecord: 0.0ms)


Started GET "/" for ::1 at 2015-12-15 15:02:49 -0500
Processing by PostsController#index as HTML
Redirected to http://localhost:8080/login
Filter chain halted as :require_user rendered or redirected
Completed 302 Found in 1ms (ActiveRecord: 0.0ms)


Started GET "/login" for ::1 at 2015-12-15 15:02:49 -0500
Processing by SessionsController#new as HTML
  Rendered sessions/new.html.erb within layouts/application (2.0ms)
Completed 200 OK in 43ms (Views: 42.7ms | ActiveRecord: 0.0ms)


Started GET "/users/new" for ::1 at 2015-12-15 15:02:50 -0500
Processing by UsersController#new as HTML
  Rendered users/new.html.erb within layouts/application (2.6ms)
Completed 200 OK in 48ms (Views: 47.1ms | ActiveRecord: 0.0ms)


Started GET "/" for ::1 at 2015-12-15 18:25:33 -0500
  [1m[36mActiveRecord::SchemaMigration Load (2.4ms)[0m  [1mSELECT "schema_migrations".* FROM "schema_migrations"[0m
Processing by PostsController#index as HTML
Redirected to http://localhost:8080/login
Filter chain halted as :require_user rendered or redirected
Completed 302 Found in 9ms (ActiveRecord: 0.0ms)


Started GET "/" for ::1 at 2015-12-15 18:25:33 -0500
Processing by PostsController#index as HTML
Redirected to http://localhost:8080/login
Filter chain halted as :require_user rendered or redirected
Completed 302 Found in 0ms (ActiveRecord: 0.0ms)


Started GET "/login" for ::1 at 2015-12-15 18:25:33 -0500
Processing by SessionsController#new as HTML
  Rendered sessions/new.html.erb within layouts/application (127.8ms)
Completed 200 OK in 465ms (Views: 464.1ms | ActiveRecord: 0.0ms)


Started GET "/users/new" for ::1 at 2015-12-15 18:25:36 -0500
Processing by UsersController#new as HTML
  Rendered users/new.html.erb within layouts/application (13.3ms)
Completed 200 OK in 104ms (Views: 73.3ms | ActiveRecord: 10.3ms)
